  [1m[36m (0.9ms)[0m  [1mCREATE TABLE "authors" ("id" INTEGER PRIMARY KEY AUTOINCREMENT NOT NULL, "name" varchar, "genre" varchar, "bio" text, "created_at" datetime NOT NULL, "updated_at" datetime NOT NULL) [0m
  [1m[35m (0.6ms)[0m  CREATE TABLE "posts" ("id" INTEGER PRIMARY KEY AUTOINCREMENT NOT NULL, "title" varchar, "description" text, "created_at" datetime NOT NULL, "updated_at" datetime NOT NULL, "post_status" boolean, "author_id" integer) 
  [1m[36m (0.8ms)[0m  [1mCREATE TABLE "schema_migrations" ("version" varchar NOT NULL) [0m
  [1m[35m (0.4ms)[0m  select sqlite_version(*)
  [1m[36m (0.6ms)[0m  [1mCREATE UNIQUE INDEX "unique_schema_migrations" ON "schema_migrations" ("version")[0m
  [1m[35m (0.1ms)[0m  SELECT version FROM "schema_migrations"
  [1m[36m (0.5ms)[0m  [1mINSERT INTO "schema_migrations" (version) VALUES ('20160113011820')[0m
  [1m[35m (0.9ms)[0m  INSERT INTO "schema_migrations" (version) VALUES ('20151230232412')
  [1m[36m (0.6ms)[0m  [1mINSERT INTO "schema_migrations" (version) VALUES ('20160113011041')[0m
  [1m[35m (0.6ms)[0m  INSERT INTO "schema_migrations" (version) VALUES ('20160113011150')
  [1m[36m (0.7ms)[0m  [1mCREATE TABLE "authors" ("id" INTEGER PRIMARY KEY AUTOINCREMENT NOT NULL, "name" varchar, "genre" varchar, "bio" text, "created_at" datetime NOT NULL, "updated_at" datetime NOT NULL) [0m
  [1m[35m (0.6ms)[0m  CREATE TABLE "posts" ("id" INTEGER PRIMARY KEY AUTOINCREMENT NOT NULL, "title" varchar, "description" text, "created_at" datetime NOT NULL, "updated_at" datetime NOT NULL, "post_status" boolean, "author_id" integer) 
  [1m[36m (0.6ms)[0m  [1mCREATE TABLE "schema_migrations" ("version" varchar NOT NULL) [0m
  [1m[35m (0.0ms)[0m  select sqlite_version(*)
  [1m[36m (0.6ms)[0m  [1mCREATE UNIQUE INDEX "unique_schema_migrations" ON "schema_migrations" ("version")[0m
  [1m[35m (0.1ms)[0m  SELECT version FROM "schema_migrations"
  [1m[36m (0.6ms)[0m  [1mINSERT INTO "schema_migrations" (version) VALUES ('20160113011820')[0m
  [1m[35m (0.7ms)[0m  INSERT INTO "schema_migrations" (version) VALUES ('20151230232412')
  [1m[36m (0.6ms)[0m  [1mINSERT INTO "schema_migrations" (version) VALUES ('20160113011041')[0m
  [1m[35m (0.6ms)[0m  INSERT INTO "schema_migrations" (version) VALUES ('20160113011150')
  [1m[36mActiveRecord::SchemaMigration Load (0.1ms)[0m  [1mSELECT "schema_migrations".* FROM "schema_migrations"[0m
  [1m[36m (0.1ms)[0m  [1mbegin transaction[0m
  [1m[35m (0.1ms)[0m  rollback transaction
  [1m[36m (0.1ms)[0m  [1mbegin transaction[0m
  [1m[35mSQL (0.4ms)[0m  INSERT INTO "posts" ("title", "description", "created_at", "updated_at") VALUES (?, ?, ?, ?)  [["title", "Testing"], ["description", "testing"], ["created_at", "2016-01-26 15:06:03.106369"], ["updated_at", "2016-01-26 15:06:03.106369"]]
  [1m[36m (0.7ms)[0m  [1mcommit transaction[0m
  [1m[35m (0.8ms)[0m  [1m[35mCREATE TABLE "ar_internal_metadata" ("key" varchar NOT NULL PRIMARY KEY, "value" varchar, "created_at" datetime NOT NULL, "updated_at" datetime NOT NULL)[0m
  [1m[36mActiveRecord::SchemaMigration Load (0.2ms)[0m  [1m[34mSELECT "schema_migrations".* FROM "schema_migrations"[0m
  [1m[36mActiveRecord::InternalMetadata Load (0.1ms)[0m  [1m[34mSELECT  "ar_internal_metadata".* FROM "ar_internal_metadata" WHERE "ar_internal_metadata"."key" = ? LIMIT ?[0m  [["key", "environment"], ["LIMIT", 1]]
  [1m[35m (0.0ms)[0m  [1m[36mbegin transaction[0m
  [1m[35mSQL (0.2ms)[0m  [1m[32mINSERT INTO "ar_internal_metadata" ("key", "value", "created_at", "updated_at") VALUES (?, ?, ?, ?)[0m  [["key", "environment"], ["value", "development"], ["created_at", "2021-01-25 01:38:54.437263"], ["updated_at", "2021-01-25 01:38:54.437263"]]
  [1m[35m (0.6ms)[0m  [1m[36mcommit transaction[0m
  [1m[36mActiveRecord::SchemaMigration Load (0.0ms)[0m  [1m[34mSELECT "schema_migrations".* FROM "schema_migrations"[0m
Started GET "/" for ::1 at 2021-01-24 18:44:50 -0700
  [1m[36mActiveRecord::SchemaMigration Load (0.2ms)[0m  [1m[34mSELECT "schema_migrations".* FROM "schema_migrations"[0m
Processing by Rails::WelcomeController#index as HTML
  Parameters: {"internal"=>true}
  Rendering /Users/elijahsamuels/.rvm/gems/ruby-2.6.1/gems/railties-5.0.7.1/lib/rails/templates/rails/welcome/index.html.erb
  Rendered /Users/elijahsamuels/.rvm/gems/ruby-2.6.1/gems/railties-5.0.7.1/lib/rails/templates/rails/welcome/index.html.erb (2.7ms)
Completed 200 OK in 13ms (Views: 7.2ms | ActiveRecord: 0.0ms)


Started GET "/posts" for ::1 at 2021-01-24 18:44:58 -0700
Processing by PostsController#index as HTML
  Rendering posts/index.html.erb within layouts/application
  [1m[36mPost Load (0.2ms)[0m  [1m[34mSELECT "posts".* FROM "posts"[0m
  Rendered posts/index.html.erb within layouts/application (9.7ms)
Completed 200 OK in 412ms (Views: 403.0ms | ActiveRecord: 0.9ms)


Started GET "/posts/show" for ::1 at 2021-01-24 18:45:02 -0700
Processing by PostsController#show as HTML
  Parameters: {"id"=>"show"}
  [1m[36mPost Load (0.3ms)[0m  [1m[34mSELECT  "posts".* FROM "posts" WHERE "posts"."id" = ? LIMIT ?[0m  [["id", 0], ["LIMIT", 1]]
Completed 404 Not Found in 3ms (ActiveRecord: 0.3ms)


  
ActiveRecord::RecordNotFound (Couldn't find Post with 'id'=show):
  
app/controllers/posts_controller.rb:7:in `show'
  Rendering /Users/elijahsamuels/.rvm/gems/ruby-2.6.1/gems/actionpack-5.0.7.1/lib/action_dispatch/middleware/templates/rescues/diagnostics.html.erb within rescues/layout
  Rendering /Users/elijahsamuels/.rvm/gems/ruby-2.6.1/gems/actionpack-5.0.7.1/lib/action_dispatch/middleware/templates/rescues/_source.html.erb
  Rendered /Users/elijahsamuels/.rvm/gems/ruby-2.6.1/gems/actionpack-5.0.7.1/lib/action_dispatch/middleware/templates/rescues/_source.html.erb (2.0ms)
  Rendering /Users/elijahsamuels/.rvm/gems/ruby-2.6.1/gems/actionpack-5.0.7.1/lib/action_dispatch/middleware/templates/rescues/_trace.html.erb
  Rendered /Users/elijahsamuels/.rvm/gems/ruby-2.6.1/gems/actionpack-5.0.7.1/lib/action_dispatch/middleware/templates/rescues/_trace.html.erb (1.1ms)
  Rendering /Users/elijahsamuels/.rvm/gems/ruby-2.6.1/gems/actionpack-5.0.7.1/lib/action_dispatch/middleware/templates/rescues/_request_and_response.html.erb
  Rendered /Users/elijahsamuels/.rvm/gems/ruby-2.6.1/gems/actionpack-5.0.7.1/lib/action_dispatch/middleware/templates/rescues/_request_and_response.html.erb (0.7ms)
  Rendered /Users/elijahsamuels/.rvm/gems/ruby-2.6.1/gems/actionpack-5.0.7.1/lib/action_dispatch/middleware/templates/rescues/diagnostics.html.erb within rescues/layout (25.5ms)
DEPRECATION WARNING: Accessing mime types via constants is deprecated. Please change `Mime::HTML` to `Mime[:html]`. (called from acceptable_content_type? at /Users/elijahsamuels/.rvm/gems/ruby-2.6.1/gems/web-console-2.3.0/lib/web_console/middleware.rb:58)
  Rendering /Users/elijahsamuels/.rvm/gems/ruby-2.6.1/gems/web-console-2.3.0/lib/web_console/templates/index.html.erb
  Rendered /Users/elijahsamuels/.rvm/gems/ruby-2.6.1/gems/web-console-2.3.0/lib/web_console/templates/_markup.html.erb (0.3ms)
  Rendering /Users/elijahsamuels/.rvm/gems/ruby-2.6.1/gems/web-console-2.3.0/lib/web_console/templates/console.js.erb within layouts/javascript
  Rendering /Users/elijahsamuels/.rvm/gems/ruby-2.6.1/gems/web-console-2.3.0/lib/web_console/templates/_inner_console_markup.html.erb within layouts/inlined_string
  Rendered /Users/elijahsamuels/.rvm/gems/ruby-2.6.1/gems/web-console-2.3.0/lib/web_console/templates/_inner_console_markup.html.erb within layouts/inlined_string (0.3ms)
  Rendering /Users/elijahsamuels/.rvm/gems/ruby-2.6.1/gems/web-console-2.3.0/lib/web_console/templates/_prompt_box_markup.html.erb within layouts/inlined_string
  Rendered /Users/elijahsamuels/.rvm/gems/ruby-2.6.1/gems/web-console-2.3.0/lib/web_console/templates/_prompt_box_markup.html.erb within layouts/inlined_string (0.3ms)
  Rendering /Users/elijahsamuels/.rvm/gems/ruby-2.6.1/gems/web-console-2.3.0/lib/web_console/templates/style.css.erb within layouts/inlined_string
  Rendered /Users/elijahsamuels/.rvm/gems/ruby-2.6.1/gems/web-console-2.3.0/lib/web_console/templates/style.css.erb within layouts/inlined_string (0.3ms)
DEPRECATION WARNING: Accessing mime types via constants is deprecated. Please change `Mime::WEB_CONSOLE_V2` to `Mime[:web_console_v2]`. (called from ___sers_elijahsamuels__rvm_gems_ruby_______gems_web_console_______lib_web_console_templates_console_js_erb__3579511238122125838_70254291269280 at /Users/elijahsamuels/.rvm/gems/ruby-2.6.1/gems/web-console-2.3.0/lib/web_console/templates/console.js.erb:491)
  Rendered /Users/elijahsamuels/.rvm/gems/ruby-2.6.1/gems/web-console-2.3.0/lib/web_console/templates/console.js.erb within layouts/javascript (29.4ms)
  Rendering /Users/elijahsamuels/.rvm/gems/ruby-2.6.1/gems/web-console-2.3.0/lib/web_console/templates/main.js.erb within layouts/javascript
  Rendered /Users/elijahsamuels/.rvm/gems/ruby-2.6.1/gems/web-console-2.3.0/lib/web_console/templates/main.js.erb within layouts/javascript (0.3ms)
  Rendering /Users/elijahsamuels/.rvm/gems/ruby-2.6.1/gems/web-console-2.3.0/lib/web_console/templates/error_page.js.erb within layouts/javascript
  Rendered /Users/elijahsamuels/.rvm/gems/ruby-2.6.1/gems/web-console-2.3.0/lib/web_console/templates/error_page.js.erb within layouts/javascript (0.3ms)
  Rendered /Users/elijahsamuels/.rvm/gems/ruby-2.6.1/gems/web-console-2.3.0/lib/web_console/templates/index.html.erb (57.1ms)
Started GET "/posts/new" for ::1 at 2021-01-24 18:45:07 -0700
Processing by PostsController#new as HTML
  Rendering posts/new.html.erb within layouts/application
  Rendered posts/new.html.erb within layouts/application (8.1ms)
Completed 200 OK in 20ms (Views: 18.9ms | ActiveRecord: 0.0ms)


Started GET "/posts/all" for ::1 at 2021-01-24 18:45:12 -0700
Processing by PostsController#show as HTML
  Parameters: {"id"=>"all"}
  [1m[36mPost Load (0.3ms)[0m  [1m[34mSELECT  "posts".* FROM "posts" WHERE "posts"."id" = ? LIMIT ?[0m  [["id", 0], ["LIMIT", 1]]
Completed 404 Not Found in 1ms (ActiveRecord: 0.3ms)


  
ActiveRecord::RecordNotFound (Couldn't find Post with 'id'=all):
  
app/controllers/posts_controller.rb:7:in `show'
  Rendering /Users/elijahsamuels/.rvm/gems/ruby-2.6.1/gems/actionpack-5.0.7.1/lib/action_dispatch/middleware/templates/rescues/diagnostics.html.erb within rescues/layout
  Rendering /Users/elijahsamuels/.rvm/gems/ruby-2.6.1/gems/actionpack-5.0.7.1/lib/action_dispatch/middleware/templates/rescues/_source.html.erb
  Rendered /Users/elijahsamuels/.rvm/gems/ruby-2.6.1/gems/actionpack-5.0.7.1/lib/action_dispatch/middleware/templates/rescues/_source.html.erb (2.0ms)
  Rendering /Users/elijahsamuels/.rvm/gems/ruby-2.6.1/gems/actionpack-5.0.7.1/lib/action_dispatch/middleware/templates/rescues/_trace.html.erb
  Rendered /Users/elijahsamuels/.rvm/gems/ruby-2.6.1/gems/actionpack-5.0.7.1/lib/action_dispatch/middleware/templates/rescues/_trace.html.erb (1.2ms)
  Rendering /Users/elijahsamuels/.rvm/gems/ruby-2.6.1/gems/actionpack-5.0.7.1/lib/action_dispatch/middleware/templates/rescues/_request_and_response.html.erb
  Rendered /Users/elijahsamuels/.rvm/gems/ruby-2.6.1/gems/actionpack-5.0.7.1/lib/action_dispatch/middleware/templates/rescues/_request_and_response.html.erb (0.7ms)
  Rendered /Users/elijahsamuels/.rvm/gems/ruby-2.6.1/gems/actionpack-5.0.7.1/lib/action_dispatch/middleware/templates/rescues/diagnostics.html.erb within rescues/layout (33.3ms)
DEPRECATION WARNING: Accessing mime types via constants is deprecated. Please change `Mime::HTML` to `Mime[:html]`. (called from acceptable_content_type? at /Users/elijahsamuels/.rvm/gems/ruby-2.6.1/gems/web-console-2.3.0/lib/web_console/middleware.rb:58)
  Rendering /Users/elijahsamuels/.rvm/gems/ruby-2.6.1/gems/web-console-2.3.0/lib/web_console/templates/index.html.erb
  Rendered /Users/elijahsamuels/.rvm/gems/ruby-2.6.1/gems/web-console-2.3.0/lib/web_console/templates/_markup.html.erb (0.5ms)
  Rendering /Users/elijahsamuels/.rvm/gems/ruby-2.6.1/gems/web-console-2.3.0/lib/web_console/templates/console.js.erb within layouts/javascript
  Rendering /Users/elijahsamuels/.rvm/gems/ruby-2.6.1/gems/web-console-2.3.0/lib/web_console/templates/_inner_console_markup.html.erb within layouts/inlined_string
  Rendered /Users/elijahsamuels/.rvm/gems/ruby-2.6.1/gems/web-console-2.3.0/lib/web_console/templates/_inner_console_markup.html.erb within layouts/inlined_string (0.3ms)
  Rendering /Users/elijahsamuels/.rvm/gems/ruby-2.6.1/gems/web-console-2.3.0/lib/web_console/templates/_prompt_box_markup.html.erb within layouts/inlined_string
  Rendered /Users/elijahsamuels/.rvm/gems/ruby-2.6.1/gems/web-console-2.3.0/lib/web_console/templates/_prompt_box_markup.html.erb within layouts/inlined_string (0.2ms)
  Rendering /Users/elijahsamuels/.rvm/gems/ruby-2.6.1/gems/web-console-2.3.0/lib/web_console/templates/style.css.erb within layouts/inlined_string
  Rendered /Users/elijahsamuels/.rvm/gems/ruby-2.6.1/gems/web-console-2.3.0/lib/web_console/templates/style.css.erb within layouts/inlined_string (0.5ms)
DEPRECATION WARNING: Accessing mime types via constants is deprecated. Please change `Mime::WEB_CONSOLE_V2` to `Mime[:web_console_v2]`. (called from ___sers_elijahsamuels__rvm_gems_ruby_______gems_web_console_______lib_web_console_templates_console_js_erb__3579511238122125838_70254290644500 at /Users/elijahsamuels/.rvm/gems/ruby-2.6.1/gems/web-console-2.3.0/lib/web_console/templates/console.js.erb:491)
  Rendered /Users/elijahsamuels/.rvm/gems/ruby-2.6.1/gems/web-console-2.3.0/lib/web_console/templates/console.js.erb within layouts/javascript (16.0ms)
  Rendering /Users/elijahsamuels/.rvm/gems/ruby-2.6.1/gems/web-console-2.3.0/lib/web_console/templates/main.js.erb within layouts/javascript
  Rendered /Users/elijahsamuels/.rvm/gems/ruby-2.6.1/gems/web-console-2.3.0/lib/web_console/templates/main.js.erb within layouts/javascript (0.3ms)
  Rendering /Users/elijahsamuels/.rvm/gems/ruby-2.6.1/gems/web-console-2.3.0/lib/web_console/templates/error_page.js.erb within layouts/javascript
  Rendered /Users/elijahsamuels/.rvm/gems/ruby-2.6.1/gems/web-console-2.3.0/lib/web_console/templates/error_page.js.erb within layouts/javascript (0.2ms)
  Rendered /Users/elijahsamuels/.rvm/gems/ruby-2.6.1/gems/web-console-2.3.0/lib/web_console/templates/index.html.erb (32.7ms)
Started GET "/posts/new" for ::1 at 2021-01-24 18:45:20 -0700
Processing by PostsController#new as HTML
  Rendering posts/new.html.erb within layouts/application
  Rendered posts/new.html.erb within layouts/application (1.2ms)
Completed 200 OK in 13ms (Views: 12.2ms | ActiveRecord: 0.0ms)


Started POST "/posts" for ::1 at 2021-01-24 18:45:23 -0700
Processing by PostsController#create as HTML
  Parameters: {"utf8"=>"✓", "authenticity_token"=>"oINPyjgM0EWDC3EGJllec5fvAERGqOIE2czx0ZcA9d4RBJItYhdFT0Un+gifotfnnLj7dF87cg097LClUHheUA==", "post"=>{"title"=>"asdf", "description"=>"asdfasdf"}, "commit"=>"Create Post"}
Completed 500 Internal Server Error in 1ms (ActiveRecord: 0.0ms)


  
ActiveModel::ForbiddenAttributesError (ActiveModel::ForbiddenAttributesError):
  
app/controllers/posts_controller.rb:15:in `create'
  Rendering /Users/elijahsamuels/.rvm/gems/ruby-2.6.1/gems/actionpack-5.0.7.1/lib/action_dispatch/middleware/templates/rescues/diagnostics.html.erb within rescues/layout
  Rendering /Users/elijahsamuels/.rvm/gems/ruby-2.6.1/gems/actionpack-5.0.7.1/lib/action_dispatch/middleware/templates/rescues/_source.html.erb
  Rendered /Users/elijahsamuels/.rvm/gems/ruby-2.6.1/gems/actionpack-5.0.7.1/lib/action_dispatch/middleware/templates/rescues/_source.html.erb (2.2ms)
  Rendering /Users/elijahsamuels/.rvm/gems/ruby-2.6.1/gems/actionpack-5.0.7.1/lib/action_dispatch/middleware/templates/rescues/_trace.html.erb
  Rendered /Users/elijahsamuels/.rvm/gems/ruby-2.6.1/gems/actionpack-5.0.7.1/lib/action_dispatch/middleware/templates/rescues/_trace.html.erb (1.1ms)
  Rendering /Users/elijahsamuels/.rvm/gems/ruby-2.6.1/gems/actionpack-5.0.7.1/lib/action_dispatch/middleware/templates/rescues/_request_and_response.html.erb
  Rendered /Users/elijahsamuels/.rvm/gems/ruby-2.6.1/gems/actionpack-5.0.7.1/lib/action_dispatch/middleware/templates/rescues/_request_and_response.html.erb (0.8ms)
  Rendered /Users/elijahsamuels/.rvm/gems/ruby-2.6.1/gems/actionpack-5.0.7.1/lib/action_dispatch/middleware/templates/rescues/diagnostics.html.erb within rescues/layout (17.8ms)
DEPRECATION WARNING: Accessing mime types via constants is deprecated. Please change `Mime::HTML` to `Mime[:html]`. (called from acceptable_content_type? at /Users/elijahsamuels/.rvm/gems/ruby-2.6.1/gems/web-console-2.3.0/lib/web_console/middleware.rb:58)
  Rendering /Users/elijahsamuels/.rvm/gems/ruby-2.6.1/gems/web-console-2.3.0/lib/web_console/templates/index.html.erb
  Rendered /Users/elijahsamuels/.rvm/gems/ruby-2.6.1/gems/web-console-2.3.0/lib/web_console/templates/_markup.html.erb (0.4ms)
  Rendering /Users/elijahsamuels/.rvm/gems/ruby-2.6.1/gems/web-console-2.3.0/lib/web_console/templates/console.js.erb within layouts/javascript
  Rendering /Users/elijahsamuels/.rvm/gems/ruby-2.6.1/gems/web-console-2.3.0/lib/web_console/templates/_inner_console_markup.html.erb within layouts/inlined_string
  Rendered /Users/elijahsamuels/.rvm/gems/ruby-2.6.1/gems/web-console-2.3.0/lib/web_console/templates/_inner_console_markup.html.erb within layouts/inlined_string (0.3ms)
  Rendering /Users/elijahsamuels/.rvm/gems/ruby-2.6.1/gems/web-console-2.3.0/lib/web_console/templates/_prompt_box_markup.html.erb within layouts/inlined_string
  Rendered /Users/elijahsamuels/.rvm/gems/ruby-2.6.1/gems/web-console-2.3.0/lib/web_console/templates/_prompt_box_markup.html.erb within layouts/inlined_string (0.4ms)
  Rendering /Users/elijahsamuels/.rvm/gems/ruby-2.6.1/gems/web-console-2.3.0/lib/web_console/templates/style.css.erb within layouts/inlined_string
  Rendered /Users/elijahsamuels/.rvm/gems/ruby-2.6.1/gems/web-console-2.3.0/lib/web_console/templates/style.css.erb within layouts/inlined_string (0.3ms)
DEPRECATION WARNING: Accessing mime types via constants is deprecated. Please change `Mime::WEB_CONSOLE_V2` to `Mime[:web_console_v2]`. (called from ___sers_elijahsamuels__rvm_gems_ruby_______gems_web_console_______lib_web_console_templates_console_js_erb__3579511238122125838_70254964446960 at /Users/elijahsamuels/.rvm/gems/ruby-2.6.1/gems/web-console-2.3.0/lib/web_console/templates/console.js.erb:491)
  Rendered /Users/elijahsamuels/.rvm/gems/ruby-2.6.1/gems/web-console-2.3.0/lib/web_console/templates/console.js.erb within layouts/javascript (19.3ms)
  Rendering /Users/elijahsamuels/.rvm/gems/ruby-2.6.1/gems/web-console-2.3.0/lib/web_console/templates/main.js.erb within layouts/javascript
  Rendered /Users/elijahsamuels/.rvm/gems/ruby-2.6.1/gems/web-console-2.3.0/lib/web_console/templates/main.js.erb within layouts/javascript (0.3ms)
  Rendering /Users/elijahsamuels/.rvm/gems/ruby-2.6.1/gems/web-console-2.3.0/lib/web_console/templates/error_page.js.erb within layouts/javascript
  Rendered /Users/elijahsamuels/.rvm/gems/ruby-2.6.1/gems/web-console-2.3.0/lib/web_console/templates/error_page.js.erb within layouts/javascript (0.4ms)
  Rendered /Users/elijahsamuels/.rvm/gems/ruby-2.6.1/gems/web-console-2.3.0/lib/web_console/templates/index.html.erb (42.8ms)
Started GET "/posts/new" for ::1 at 2021-01-24 18:45:44 -0700
Processing by PostsController#new as HTML
  Rendering posts/new.html.erb within layouts/application
  Rendered posts/new.html.erb within layouts/application (1.1ms)
Completed 200 OK in 12ms (Views: 11.3ms | ActiveRecord: 0.0ms)


Started GET "/posts" for ::1 at 2021-01-24 18:45:53 -0700
Processing by PostsController#index as HTML
  Rendering posts/index.html.erb within layouts/application
  [1m[36mPost Load (0.2ms)[0m  [1m[34mSELECT "posts".* FROM "posts"[0m
  Rendered posts/index.html.erb within layouts/application (1.7ms)
Completed 200 OK in 15ms (Views: 13.8ms | ActiveRecord: 0.2ms)


Started GET "/posts" for ::1 at 2021-01-24 18:54:15 -0700
Processing by PostsController#index as HTML
  Rendering posts/index.html.erb within layouts/application
  [1m[36mPost Load (0.3ms)[0m  [1m[34mSELECT "posts".* FROM "posts"[0m
  Rendered posts/index.html.erb within layouts/application (6.8ms)
Completed 200 OK in 22ms (Views: 18.7ms | ActiveRecord: 0.8ms)


Started GET "/posts/new" for ::1 at 2021-01-24 18:54:27 -0700
Processing by PostsController#new as HTML
  Rendering posts/new.html.erb within layouts/application
  Rendered posts/new.html.erb within layouts/application (1.9ms)
Completed 200 OK in 15ms (Views: 13.3ms | ActiveRecord: 0.0ms)


Started GET "/posts/1/edit" for ::1 at 2021-01-24 18:54:34 -0700
Processing by PostsController#edit as HTML
  Parameters: {"id"=>"1"}
  [1m[36mPost Load (0.1ms)[0m  [1m[34mSELECT  "posts".* FROM "posts" WHERE "posts"."id" = ? LIMIT ?[0m  [["id", 1], ["LIMIT", 1]]
  Rendering posts/edit.html.erb within layouts/application
  Rendered posts/edit.html.erb within layouts/application (1.7ms)
Completed 200 OK in 16ms (Views: 13.9ms | ActiveRecord: 0.1ms)


Started PATCH "/posts/1" for ::1 at 2021-01-24 18:54:44 -0700
Processing by PostsController#update as HTML
  Parameters: {"utf8"=>"✓", "authenticity_token"=>"sbPKtzfCTdadaaDIH5nVbP8gbIM+Ye5ikQEOSE7P2fwANBdQbdnY3FtFK8amYlz49HeXsyfyfmt1IU88ibdycg==", "post"=>{"title"=>"Testing", "description"=>"testing and then some\r\n"}, "commit"=>"Update Post", "id"=>"1"}
  [1m[36mPost Load (0.1ms)[0m  [1m[34mSELECT  "posts".* FROM "posts" WHERE "posts"."id" = ? LIMIT ?[0m  [["id", 1], ["LIMIT", 1]]
  [1m[35m (0.0ms)[0m  [1m[36mbegin transaction[0m
  [1m[35mSQL (0.4ms)[0m  [1m[33mUPDATE "posts" SET "description" = ?, "updated_at" = ? WHERE "posts"."id" = ?[0m  [["description", "testing and then some\r\n"], ["updated_at", "2021-01-25 01:54:44.041142"], ["id", 1]]
  [1m[35m (1.0ms)[0m  [1m[36mcommit transaction[0m
Redirected to http://localhost:3000/posts/1
Completed 302 Found in 4ms (ActiveRecord: 1.6ms)


Started GET "/posts/1" for ::1 at 2021-01-24 18:54:44 -0700
Processing by PostsController#show as HTML
  Parameters: {"id"=>"1"}
  [1m[36mPost Load (0.1ms)[0m  [1m[34mSELECT  "posts".* FROM "posts" WHERE "posts"."id" = ? LIMIT ?[0m  [["id", 1], ["LIMIT", 1]]
  Rendering posts/show.html.erb within layouts/application
  Rendered posts/show.html.erb within layouts/application (0.5ms)
Completed 200 OK in 14ms (Views: 12.0ms | ActiveRecord: 0.1ms)


Started GET "/posts/2" for ::1 at 2021-01-24 18:54:48 -0700
Processing by PostsController#show as HTML
  Parameters: {"id"=>"2"}
  [1m[36mPost Load (0.1ms)[0m  [1m[34mSELECT  "posts".* FROM "posts" WHERE "posts"."id" = ? LIMIT ?[0m  [["id", 2], ["LIMIT", 1]]
Completed 404 Not Found in 1ms (ActiveRecord: 0.1ms)


  
ActiveRecord::RecordNotFound (Couldn't find Post with 'id'=2):
  
app/controllers/posts_controller.rb:7:in `show'
  Rendering /Users/elijahsamuels/.rvm/gems/ruby-2.6.1/gems/actionpack-5.0.7.1/lib/action_dispatch/middleware/templates/rescues/diagnostics.html.erb within rescues/layout
  Rendering /Users/elijahsamuels/.rvm/gems/ruby-2.6.1/gems/actionpack-5.0.7.1/lib/action_dispatch/middleware/templates/rescues/_source.html.erb
  Rendered /Users/elijahsamuels/.rvm/gems/ruby-2.6.1/gems/actionpack-5.0.7.1/lib/action_dispatch/middleware/templates/rescues/_source.html.erb (2.0ms)
  Rendering /Users/elijahsamuels/.rvm/gems/ruby-2.6.1/gems/actionpack-5.0.7.1/lib/action_dispatch/middleware/templates/rescues/_trace.html.erb
  Rendered /Users/elijahsamuels/.rvm/gems/ruby-2.6.1/gems/actionpack-5.0.7.1/lib/action_dispatch/middleware/templates/rescues/_trace.html.erb (1.1ms)
  Rendering /Users/elijahsamuels/.rvm/gems/ruby-2.6.1/gems/actionpack-5.0.7.1/lib/action_dispatch/middleware/templates/rescues/_request_and_response.html.erb
  Rendered /Users/elijahsamuels/.rvm/gems/ruby-2.6.1/gems/actionpack-5.0.7.1/lib/action_dispatch/middleware/templates/rescues/_request_and_response.html.erb (0.8ms)
  Rendered /Users/elijahsamuels/.rvm/gems/ruby-2.6.1/gems/actionpack-5.0.7.1/lib/action_dispatch/middleware/templates/rescues/diagnostics.html.erb within rescues/layout (23.8ms)
DEPRECATION WARNING: Accessing mime types via constants is deprecated. Please change `Mime::HTML` to `Mime[:html]`. (called from acceptable_content_type? at /Users/elijahsamuels/.rvm/gems/ruby-2.6.1/gems/web-console-2.3.0/lib/web_console/middleware.rb:58)
  Rendering /Users/elijahsamuels/.rvm/gems/ruby-2.6.1/gems/web-console-2.3.0/lib/web_console/templates/index.html.erb
  Rendered /Users/elijahsamuels/.rvm/gems/ruby-2.6.1/gems/web-console-2.3.0/lib/web_console/templates/_markup.html.erb (0.3ms)
  Rendering /Users/elijahsamuels/.rvm/gems/ruby-2.6.1/gems/web-console-2.3.0/lib/web_console/templates/console.js.erb within layouts/javascript
  Rendering /Users/elijahsamuels/.rvm/gems/ruby-2.6.1/gems/web-console-2.3.0/lib/web_console/templates/_inner_console_markup.html.erb within layouts/inlined_string
  Rendered /Users/elijahsamuels/.rvm/gems/ruby-2.6.1/gems/web-console-2.3.0/lib/web_console/templates/_inner_console_markup.html.erb within layouts/inlined_string (0.3ms)
  Rendering /Users/elijahsamuels/.rvm/gems/ruby-2.6.1/gems/web-console-2.3.0/lib/web_console/templates/_prompt_box_markup.html.erb within layouts/inlined_string
  Rendered /Users/elijahsamuels/.rvm/gems/ruby-2.6.1/gems/web-console-2.3.0/lib/web_console/templates/_prompt_box_markup.html.erb within layouts/inlined_string (0.3ms)
  Rendering /Users/elijahsamuels/.rvm/gems/ruby-2.6.1/gems/web-console-2.3.0/lib/web_console/templates/style.css.erb within layouts/inlined_string
  Rendered /Users/elijahsamuels/.rvm/gems/ruby-2.6.1/gems/web-console-2.3.0/lib/web_console/templates/style.css.erb within layouts/inlined_string (0.3ms)
DEPRECATION WARNING: Accessing mime types via constants is deprecated. Please change `Mime::WEB_CONSOLE_V2` to `Mime[:web_console_v2]`. (called from ___sers_elijahsamuels__rvm_gems_ruby_______gems_web_console_______lib_web_console_templates_console_js_erb__3579511238122125838_70254967029120 at /Users/elijahsamuels/.rvm/gems/ruby-2.6.1/gems/web-console-2.3.0/lib/web_console/templates/console.js.erb:491)
  Rendered /Users/elijahsamuels/.rvm/gems/ruby-2.6.1/gems/web-console-2.3.0/lib/web_console/templates/console.js.erb within layouts/javascript (22.5ms)
  Rendering /Users/elijahsamuels/.rvm/gems/ruby-2.6.1/gems/web-console-2.3.0/lib/web_console/templates/main.js.erb within layouts/javascript
  Rendered /Users/elijahsamuels/.rvm/gems/ruby-2.6.1/gems/web-console-2.3.0/lib/web_console/templates/main.js.erb within layouts/javascript (0.2ms)
  Rendering /Users/elijahsamuels/.rvm/gems/ruby-2.6.1/gems/web-console-2.3.0/lib/web_console/templates/error_page.js.erb within layouts/javascript
  Rendered /Users/elijahsamuels/.rvm/gems/ruby-2.6.1/gems/web-console-2.3.0/lib/web_console/templates/error_page.js.erb within layouts/javascript (0.3ms)
  Rendered /Users/elijahsamuels/.rvm/gems/ruby-2.6.1/gems/web-console-2.3.0/lib/web_console/templates/index.html.erb (45.7ms)
Started GET "/posts/1" for ::1 at 2021-01-24 18:54:51 -0700
Processing by PostsController#show as HTML
  Parameters: {"id"=>"1"}
  [1m[36mPost Load (0.1ms)[0m  [1m[34mSELECT  "posts".* FROM "posts" WHERE "posts"."id" = ? LIMIT ?[0m  [["id", 1], ["LIMIT", 1]]
  Rendering posts/show.html.erb within layouts/application
  Rendered posts/show.html.erb within layouts/application (0.4ms)
Completed 200 OK in 12ms (Views: 10.2ms | ActiveRecord: 0.1ms)


Started GET "/posts/" for ::1 at 2021-01-24 18:54:54 -0700
Processing by PostsController#index as HTML
  Rendering posts/index.html.erb within layouts/application
  [1m[36mPost Load (0.1ms)[0m  [1m[34mSELECT "posts".* FROM "posts"[0m
  Rendered posts/index.html.erb within layouts/application (0.9ms)
Completed 200 OK in 13ms (Views: 11.9ms | ActiveRecord: 0.1ms)


Started GET "/posts/" for ::1 at 2021-01-24 20:29:16 -0700
Processing by PostsController#index as HTML
  Rendering posts/index.html.erb within layouts/application
  [1m[36mPost Load (0.2ms)[0m  [1m[34mSELECT "posts".* FROM "posts"[0m
  Rendered posts/index.html.erb within layouts/application (4.9ms)
Completed 200 OK in 20ms (Views: 17.6ms | ActiveRecord: 0.6ms)


Started GET "/posts/" for ::1 at 2021-01-24 20:32:26 -0700
Processing by PostsController#index as HTML
  Rendering posts/index.html.erb within layouts/application
  [1m[36mPost Load (0.1ms)[0m  [1m[34mSELECT "posts".* FROM "posts"[0m
  Rendered posts/index.html.erb within layouts/application (0.8ms)
Completed 200 OK in 16ms (Views: 15.0ms | ActiveRecord: 0.1ms)


